<?xml version="1.0" encoding="UTF-8"?>
<!-- Generated by org.testng.reporters.JUnitReportReporter -->
<testsuite skipped="5" hostname="LAPTOP-L3V1GTL6" name="demoTestNg.Demo4" tests="7" failures="1" timestamp="2021-02-03T18:14:53 IST" time="0.028" errors="0">
  <testcase name="ts4" time="0.010" classname="demoTestNg.Demo4">
    <failure type="java.lang.AssertionError" message="null">
      <![CDATA[java.lang.AssertionError: null
at org.testng.Assert.fail(Assert.java:99)
at org.testng.Assert.fail(Assert.java:106)
at demoTestNg.Demo4.ts4(Demo4.java:30)
at sun.reflect.NativeMethodAccessorImpl.invoke0(Native Method)
at sun.reflect.NativeMethodAccessorImpl.invoke(NativeMethodAccessorImpl.java:62)
at sun.reflect.DelegatingMethodAccessorImpl.invoke(DelegatingMethodAccessorImpl.java:43)
at java.lang.reflect.Method.invoke(Method.java:498)
at org.testng.internal.MethodInvocationHelper.invokeMethod(MethodInvocationHelper.java:132)
at org.testng.internal.TestInvoker.invokeMethod(TestInvoker.java:599)
at org.testng.internal.TestInvoker.invokeTestMethod(TestInvoker.java:174)
at org.testng.internal.MethodRunner.runInSequence(MethodRunner.java:46)
at org.testng.internal.TestInvoker$MethodInvocationAgent.invoke(TestInvoker.java:822)
at org.testng.internal.TestInvoker.invokeTestMethods(TestInvoker.java:147)
at org.testng.internal.TestMethodWorker.invokeTestMethods(TestMethodWorker.java:146)
at org.testng.internal.TestMethodWorker.run(TestMethodWorker.java:128)
at java.util.ArrayList.forEach(ArrayList.java:1259)
at org.testng.TestRunner.privateRun(TestRunner.java:764)
at org.testng.TestRunner.run(TestRunner.java:585)
at org.testng.SuiteRunner.runTest(SuiteRunner.java:384)
at org.testng.SuiteRunner.runSequentially(SuiteRunner.java:378)
at org.testng.SuiteRunner.privateRun(SuiteRunner.java:337)
at org.testng.SuiteRunner.run(SuiteRunner.java:286)
at org.testng.SuiteRunnerWorker.runSuite(SuiteRunnerWorker.java:53)
at org.testng.SuiteRunnerWorker.run(SuiteRunnerWorker.java:96)
at org.testng.TestNG.runSuitesSequentially(TestNG.java:1218)
at org.testng.TestNG.runSuitesLocally(TestNG.java:1140)
at org.testng.TestNG.runSuites(TestNG.java:1069)
at org.testng.TestNG.run(TestNG.java:1037)
at org.testng.remote.AbstractRemoteTestNG.run(AbstractRemoteTestNG.java:115)
at org.testng.remote.RemoteTestNG.initAndRun(RemoteTestNG.java:251)
at org.testng.remote.RemoteTestNG.main(RemoteTestNG.java:77)
]]>
    </failure>
  </testcase> <!-- ts4 -->
  <system-out>
4  </system-out>
  <testcase name="ts1" time="0.000" classname="demoTestNg.Demo4">
    <skipped/>
  </testcase> <!-- ts1 -->
  <system-out/>
  <testcase name="ts5" time="0.000" classname="demoTestNg.Demo4">
    <skipped/>
  </testcase> <!-- ts5 -->
  <system-out/>
  <testcase name="ts3" time="0.000" classname="demoTestNg.Demo4">
    <skipped/>
  </testcase> <!-- ts3 -->
  <system-out/>
  <testcase name="ts7" time="0.000" classname="demoTestNg.Demo4">
    <skipped/>
  </testcase> <!-- ts7 -->
  <system-out/>
  <testcase name="ts2" time="0.018" classname="demoTestNg.Demo4"/>
  <system-out>
2  </system-out>
  <testcase name="ts6" time="0.000" classname="demoTestNg.Demo4">
    <skipped/>
  </testcase> <!-- ts6 -->
  <system-out/>
</testsuite> <!-- demoTestNg.Demo4 -->
